[   173.524] (--) Log file renamed from "/home/ubuntu/.local/share/xorg/Xorg.pid-1648.log" to "/home/ubuntu/.local/share/xorg/Xorg.0.log"
[   173.648] 
X.Org X Server 1.20.13
X Protocol Version 11, Revision 0
[   173.651] Build Operating System: linux Ubuntu
[   173.652] Current Operating System: Linux ubuntu2004 5.13.0-30-generic #33~20.04.1-Ubuntu SMP Mon Feb 7 14:25:10 UTC 2022 x86_64
[   173.652] Kernel command line: BOOT_IMAGE=/boot/vmlinuz-5.13.0-30-generic root=/dev/mapper/vgubuntu-root ro quiet splash
[   173.656] Build Date: 14 December 2021  02:14:13PM
[   173.656] xorg-server 2:1.20.13-1ubuntu1~20.04.2 (For technical support please see http://www.ubuntu.com/support) 
[   173.656] Current version of pixman: 0.38.4
[   173.656] 	Before reporting problems, check http://wiki.x.org
	to make sure that you have the latest version.
[   173.656] Markers: (--) probed, (**) from config file, (==) default setting,
	(++) from command line, (!!) notice, (II) informational,
	(WW) warning, (EE) error, (NI) not implemented, (??) unknown.
[   173.705] (==) Log file: "/home/ubuntu/.local/share/xorg/Xorg.0.log", Time: Sun Apr 24 21:36:00 2022
[   173.718] (==) Using system config directory "/usr/share/X11/xorg.conf.d"
[   173.761] (==) No Layout section.  Using the first Screen section.
[   173.763] (==) No screen section available. Using defaults.
[   173.765] (**) |-->Screen "Default Screen Section" (0)
[   173.770] (**) |   |-->Monitor "<default monitor>"
[   173.790] (==) No monitor specified for screen "Default Screen Section".
	Using a default monitor configuration.
[   173.797] (==) Automatically adding devices
[   173.797] (==) Automatically enabling devices
[   173.798] (==) Automatically adding GPU devices
[   173.798] (==) Automatically binding GPU devices
[   173.798] (==) Max clients allowed: 256, resource mask: 0x1fffff
[   173.798] (WW) The directory "/usr/share/fonts/X11/cyrillic" does not exist.
[   173.798] 	Entry deleted from font path.
[   173.798] (WW) The directory "/usr/share/fonts/X11/100dpi/" does not exist.
[   173.798] 	Entry deleted from font path.
[   173.798] (WW) The directory "/usr/share/fonts/X11/75dpi/" does not exist.
[   173.798] 	Entry deleted from font path.
[   173.799] (WW) The directory "/usr/share/fonts/X11/100dpi" does not exist.
[   173.799] 	Entry deleted from font path.
[   173.799] (WW) The directory "/usr/share/fonts/X11/75dpi" does not exist.
[   173.799] 	Entry deleted from font path.
[   173.799] (==) FontPath set to:
	/usr/share/fonts/X11/misc,
	/usr/share/fonts/X11/Type1,
	built-ins
[   173.799] (==) ModulePath set to "/usr/lib/xorg/modules"
[   173.799] (II) The server relies on udev to provide the list of input devices.
	If no devices become available, reconfigure udev or disable AutoAddDevices.
[   173.799] (II) Loader magic: 0x55f36896b020
[   173.799] (II) Module ABI versions:
[   173.799] 	X.Org ANSI C Emulation: 0.4
[   173.799] 	X.Org Video Driver: 24.1
[   173.799] 	X.Org XInput driver : 24.1
[   173.799] 	X.Org Server Extension : 10.0
[   173.836] (++) using VT number 2

[   173.879] (II) systemd-logind: took control of session /org/freedesktop/login1/session/_32
[   173.996] (II) xfree86: Adding drm device (/dev/dri/card0)
[   174.041] (II) systemd-logind: got fd for /dev/dri/card0 226:0 fd 12 paused 0
[   174.161] (--) PCI:*(0@0:2:0) 15ad:0405:15ad:0405 rev 0, Mem @ 0xe0000000/16777216, 0xf0000000/2097152, I/O @ 0x0000d010/16, BIOS @ 0x????????/131072
[   174.169] (II) LoadModule: "glx"
[   174.190] (II) Loading /usr/lib/xorg/modules/extensions/libglx.so
[   174.233] (II) Module glx: vendor="X.Org Foundation"
[   174.233] 	compiled for 1.20.13, module version = 1.0.0
[   174.236] 	ABI class: X.Org Server Extension, version 10.0
[   174.239] (==) Matched vmware as autoconfigured driver 0
[   174.244] (==) Matched modesetting as autoconfigured driver 1
[   174.244] (==) Matched fbdev as autoconfigured driver 2
[   174.244] (==) Matched vesa as autoconfigured driver 3
[   174.244] (==) Assigned the driver to the xf86ConfigLayout
[   174.245] (II) LoadModule: "vmware"
[   174.249] (II) Loading /usr/lib/xorg/modules/drivers/vmware_drv.so
[   174.768] (II) Module vmware: vendor="X.Org Foundation"
[   174.768] 	compiled for 1.20.8, module version = 13.3.0
[   174.768] 	Module class: X.Org Video Driver
[   174.768] 	ABI class: X.Org Video Driver, version 24.1
[   174.768] (II) LoadModule: "modesetting"
[   174.772] (II) Loading /usr/lib/xorg/modules/drivers/modesetting_drv.so
[   174.783] (II) Module modesetting: vendor="X.Org Foundation"
[   174.783] 	compiled for 1.20.13, module version = 1.20.13
[   174.784] 	Module class: X.Org Video Driver
[   174.784] 	ABI class: X.Org Video Driver, version 24.1
[   174.784] (II) LoadModule: "fbdev"
[   174.784] (II) Loading /usr/lib/xorg/modules/drivers/fbdev_drv.so
[   174.801] (II) Module fbdev: vendor="X.Org Foundation"
[   174.802] 	compiled for 1.20.1, module version = 0.5.0
[   174.802] 	Module class: X.Org Video Driver
[   174.802] 	ABI class: X.Org Video Driver, version 24.0
[   174.803] (II) LoadModule: "vesa"
[   174.803] (II) Loading /usr/lib/xorg/modules/drivers/vesa_drv.so
[   174.811] (II) Module vesa: vendor="X.Org Foundation"
[   174.811] 	compiled for 1.20.4, module version = 2.4.0
[   174.811] 	Module class: X.Org Video Driver
[   174.811] 	ABI class: X.Org Video Driver, version 24.0
[   174.811] (II) vmware: driver for VMware SVGA: vmware0405, vmware0710
[   174.811] (II) modesetting: Driver for Modesetting Kernel Drivers: kms
[   174.811] (II) FBDEV: driver for framebuffer: fbdev
[   174.811] (II) VESA: driver for VESA chipsets: vesa
[   174.816] xf86EnableIOPorts: failed to set IOPL for I/O (Operation not permitted)
[   174.816] (WW) Falling back to old probe method for modesetting
[   174.822] (WW) Falling back to old probe method for fbdev
[   174.822] (II) Loading sub module "fbdevhw"
[   174.822] (II) LoadModule: "fbdevhw"
[   174.822] (II) Loading /usr/lib/xorg/modules/libfbdevhw.so
[   174.829] (II) Module fbdevhw: vendor="X.Org Foundation"
[   174.829] 	compiled for 1.20.13, module version = 0.0.2
[   174.829] 	ABI class: X.Org Video Driver, version 24.1
[   174.829] (EE) open /dev/fb0: Permission denied
[   174.830] (WW) VGA arbiter: cannot open kernel arbiter, no multi-card support
[   174.830] (II) vmware(0): Creating default Display subsection in Screen section
	"Default Screen Section" for depth/fbbpp 24/32
[   174.830] (--) vmware(0): DRM driver version is 2.18.1
[   174.830] (==) vmware(0): Depth 24, (--) framebuffer bpp 32
[   174.830] (==) vmware(0): RGB weight 888
[   174.830] (==) vmware(0): Default visual is TrueColor
[   174.830] (--) vmware(0): Min width 1, Max Width 8192.
[   174.830] (--) vmware(0): Min height 1, Max Height 8192.
[   174.831] (II) vmware(0): Output Virtual1 has no monitor section
[   174.831] (II) vmware(0): Output Virtual2 has no monitor section
[   174.831] (II) vmware(0): Output Virtual3 has no monitor section
[   174.831] (II) vmware(0): Output Virtual4 has no monitor section
[   174.831] (II) vmware(0): Output Virtual5 has no monitor section
[   174.831] (II) vmware(0): Output Virtual6 has no monitor section
[   174.831] (II) vmware(0): Output Virtual7 has no monitor section
[   174.832] (II) vmware(0): Output Virtual8 has no monitor section
[   174.832] (II) vmware(0): Printing probed modes for output Virtual1
[   174.832] (II) vmware(0): Modeline "800x600"x60.0   42.75  800 850 900 950  600 650 700 750 -hsync +vsync (45.0 kHz eP)
[   174.832] (II) vmware(0): Modeline "2560x1600"x60.0  348.50  2560 2752 3032 3504  1600 1603 1609 1658 -hsync +vsync (99.5 kHz e)
[   174.832] (II) vmware(0): Modeline "2560x1440"x60.0  241.50  2560 2608 2640 2720  1440 1443 1448 1481 +hsync -vsync (88.8 kHz e)
[   174.832] (II) vmware(0): Modeline "1920x1440"x60.0  234.00  1920 2048 2256 2600  1440 1441 1444 1500 -hsync +vsync (90.0 kHz e)
[   174.832] (II) vmware(0): Modeline "1856x1392"x60.0  218.25  1856 1952 2176 2528  1392 1393 1396 1439 -hsync +vsync (86.3 kHz e)
[   174.832] (II) vmware(0): Modeline "1792x1344"x60.0  204.75  1792 1920 2120 2448  1344 1345 1348 1394 -hsync +vsync (83.6 kHz e)
[   174.832] (II) vmware(0): Modeline "1920x1200"x59.9  193.25  1920 2056 2256 2592  1200 1203 1209 1245 -hsync +vsync (74.6 kHz e)
[   174.832] (II) vmware(0): Modeline "1920x1080"x60.0  173.00  1920 2048 2248 2576  1080 1083 1088 1120 -hsync +vsync (67.2 kHz e)
[   174.832] (II) vmware(0): Modeline "1600x1200"x60.0  162.00  1600 1664 1856 2160  1200 1201 1204 1250 +hsync +vsync (75.0 kHz e)
[   174.832] (II) vmware(0): Modeline "1680x1050"x60.0  146.25  1680 1784 1960 2240  1050 1053 1059 1089 -hsync +vsync (65.3 kHz e)
[   174.833] (II) vmware(0): Modeline "1400x1050"x60.0  121.75  1400 1488 1632 1864  1050 1053 1057 1089 -hsync +vsync (65.3 kHz e)
[   174.833] (II) vmware(0): Modeline "1280x1024"x60.0  108.00  1280 1328 1440 1688  1024 1025 1028 1066 +hsync +vsync (64.0 kHz e)
[   174.857] (II) vmware(0): Modeline "1440x900"x59.9  106.50  1440 1520 1672 1904  900 903 909 934 -hsync +vsync (55.9 kHz e)
[   174.857] (II) vmware(0): Modeline "1280x960"x60.0  108.00  1280 1376 1488 1800  960 961 964 1000 +hsync +vsync (60.0 kHz e)
[   174.857] (II) vmware(0): Modeline "1360x768"x60.0   85.50  1360 1424 1536 1792  768 771 777 795 +hsync +vsync (47.7 kHz e)
[   174.857] (II) vmware(0): Modeline "1280x800"x59.8   83.50  1280 1352 1480 1680  800 803 809 831 +hsync -vsync (49.7 kHz e)
[   174.857] (II) vmware(0): Modeline "1152x864"x75.0  108.00  1152 1216 1344 1600  864 865 868 900 +hsync +vsync (67.5 kHz e)
[   174.857] (II) vmware(0): Modeline "1280x768"x59.9   79.50  1280 1344 1472 1664  768 771 778 798 -hsync +vsync (47.8 kHz e)
[   174.857] (II) vmware(0): Modeline "1280x720"x59.9   74.50  1280 1344 1472 1664  720 723 728 748 -hsync +vsync (44.8 kHz e)
[   174.857] (II) vmware(0): Modeline "1024x768"x60.0   65.00  1024 1048 1184 1344  768 771 777 806 -hsync -vsync (48.4 kHz e)
[   174.857] (II) vmware(0): Modeline "800x600"x60.3   40.00  800 840 968 1056  600 601 605 628 +hsync +vsync (37.9 kHz e)
[   174.857] (II) vmware(0): Modeline "640x480"x59.9   25.18  640 656 752 800  480 489 492 525 -hsync -vsync (31.5 kHz e)
[   174.858] (II) vmware(0): EDID for output Virtual2
[   174.858] (II) vmware(0): EDID for output Virtual3
[   174.858] (II) vmware(0): EDID for output Virtual4
[   174.858] (II) vmware(0): EDID for output Virtual5
[   174.858] (II) vmware(0): EDID for output Virtual6
[   174.858] (II) vmware(0): EDID for output Virtual7
[   174.858] (II) vmware(0): EDID for output Virtual8
[   174.858] (II) vmware(0): Output Virtual1 connected
[   174.858] (II) vmware(0): Output Virtual2 disconnected
[   174.858] (II) vmware(0): Output Virtual3 disconnected
[   174.858] (II) vmware(0): Output Virtual4 disconnected
[   174.858] (II) vmware(0): Output Virtual5 disconnected
[   174.858] (II) vmware(0): Output Virtual6 disconnected
[   174.858] (II) vmware(0): Output Virtual7 disconnected
[   174.858] (II) vmware(0): Output Virtual8 disconnected
[   174.858] (II) vmware(0): Using exact sizes for initial modes
[   174.858] (II) vmware(0): Output Virtual1 using initial mode 800x600 +0+0
[   174.859] (==) vmware(0): DPI set to (96, 96)
[   174.859] (==) vmware(0): Using gamma correction (1.0, 1.0, 1.0)
[   174.859] (II) Loading sub module "fb"
[   174.859] (II) LoadModule: "fb"
[   174.860] (II) Loading /usr/lib/xorg/modules/libfb.so
[   174.886] (II) Module fb: vendor="X.Org Foundation"
[   174.886] 	compiled for 1.20.13, module version = 1.0.0
[   174.886] 	ABI class: X.Org ANSI C Emulation, version 0.4
[   174.886] (II) Loading sub module "dri2"
[   174.886] (II) LoadModule: "dri2"
[   174.886] (II) Module "dri2" already built-in
[   174.886] (II) Loading sub module "dri3"
[   174.886] (II) LoadModule: "dri3"
[   174.887] (II) Module "dri3" already built-in
[   174.887] (II) UnloadModule: "modesetting"
[   174.887] (II) Unloading modesetting
[   174.887] (II) UnloadModule: "fbdev"
[   174.887] (II) Unloading fbdev
[   174.888] (II) UnloadSubModule: "fbdevhw"
[   174.888] (II) Unloading fbdevhw
[   174.888] (II) UnloadModule: "vesa"
[   174.888] (II) Unloading vesa
[   174.910] (II) vmware(0): Initialized VMWARE_CTRL extension version 0.2
[   175.016] (WW) vmware(0): Failed to initialize Gallium3D Xa. No render acceleration available.
[   175.016] (WW) vmware(0): Skipped initialization of direct rendering due to lack of render acceleration.
[   175.016] (--) vmware(0): Render acceleration is disabled.
[   175.016] (==) vmware(0): Rendercheck mode is disabled.
[   175.016] (--) vmware(0): Direct rendering (DRI2 3D) is disabled.
[   175.016] (--) vmware(0): Direct rendering (DRI3 3D) is disabled.
[   175.016] (==) vmware(0): Backing store enabled
[   175.016] (==) vmware(0): Silken mouse enabled
[   175.059] (==) vmware(0): DPMS enabled
[   175.060] (II) vmware(0): No 3D acceleration. Not setting up textured video.
[   175.060] (WW) vmware(0): Disabling Xv because no adaptors could be initialized.
[   175.060] (II) Initializing extension Generic Event Extension
[   175.060] (II) Initializing extension SHAPE
[   175.064] (II) Initializing extension MIT-SHM
[   175.067] (II) Initializing extension XInputExtension
[   175.071] (II) Initializing extension XTEST
[   175.071] (II) Initializing extension BIG-REQUESTS
[   175.072] (II) Initializing extension SYNC
[   175.072] (II) Initializing extension XKEYBOARD
[   175.089] (II) Initializing extension XC-MISC
[   175.090] (II) Initializing extension SECURITY
[   175.090] (II) Initializing extension XFIXES
[   175.090] (II) Initializing extension RENDER
[   175.091] (II) Initializing extension RANDR
[   175.092] (II) Initializing extension COMPOSITE
[   175.092] (II) Initializing extension DAMAGE
[   175.092] (II) Initializing extension MIT-SCREEN-SAVER
[   175.113] (II) Initializing extension DOUBLE-BUFFER
[   175.113] (II) Initializing extension RECORD
[   175.114] (II) Initializing extension DPMS
[   175.114] (II) Initializing extension Present
[   175.115] (II) Initializing extension DRI3
[   175.115] (II) Initializing extension X-Resource
[   175.115] (II) Initializing extension XVideo
[   175.115] (II) Initializing extension XVideo-MotionCompensation
[   175.115] (II) Initializing extension SELinux
[   175.116] (II) SELinux: Disabled on system
[   175.116] (II) Initializing extension GLX
[   175.138] (II) AIGLX: Screen 0 is not DRI2 capable
[   175.333] (II) IGLX: Loaded and initialized swrast
[   175.337] (II) GLX: Initialized DRISWRAST GL provider for screen 0
[   175.341] (II) Initializing extension XFree86-VidModeExtension
[   175.345] (II) Initializing extension XFree86-DGA
[   175.346] (II) Initializing extension XFree86-DRI
[   175.347] (II) Initializing extension DRI2
[   175.907] (II) vmware(0): Setting screen physical size to 211 x 158
[   177.252] (II) config/udev: Adding input device Power Button (/dev/input/event0)
[   177.254] (**) Power Button: Applying InputClass "libinput keyboard catchall"
[   177.257] (II) LoadModule: "libinput"
[   177.265] (II) Loading /usr/lib/xorg/modules/input/libinput_drv.so
[   177.306] (II) Module libinput: vendor="X.Org Foundation"
[   177.306] 	compiled for 1.20.4, module version = 0.29.0
[   177.307] 	Module class: X.Org XInput Driver
[   177.307] 	ABI class: X.Org XInput driver, version 24.1
[   177.308] (II) Using input driver 'libinput' for 'Power Button'
[   177.317] (II) systemd-logind: got fd for /dev/input/event0 13:64 fd 20 paused 0
[   177.318] (**) Power Button: always reports core events
[   177.318] (**) Option "Device" "/dev/input/event0"
[   177.321] (**) Option "_source" "server/udev"
[   177.369] (II) event0  - Power Button: is tagged by udev as: Keyboard
[   177.373] (II) event0  - Power Button: device is a keyboard
[   177.385] (II) event0  - Power Button: device removed
[   177.394] (**) Option "config_info" "udev:/sys/devices/LNXSYSTM:00/LNXPWRBN:00/input/input0/event0"
[   177.398] (II) XINPUT: Adding extended input device "Power Button" (type: KEYBOARD, id 6)
[   177.400] (**) Option "xkb_model" "pc105"
[   177.402] (**) Option "xkb_layout" "us"
[   177.461] (II) event0  - Power Button: is tagged by udev as: Keyboard
[   177.468] (II) event0  - Power Button: device is a keyboard
[   177.481] (II) config/udev: Adding input device Sleep Button (/dev/input/event1)
[   177.482] (**) Sleep Button: Applying InputClass "libinput keyboard catchall"
[   177.483] (II) Using input driver 'libinput' for 'Sleep Button'
[   177.490] (II) systemd-logind: got fd for /dev/input/event1 13:65 fd 23 paused 0
[   177.493] (**) Sleep Button: always reports core events
[   177.493] (**) Option "Device" "/dev/input/event1"
[   177.494] (**) Option "_source" "server/udev"
[   177.509] (II) event1  - Sleep Button: is tagged by udev as: Keyboard
[   177.510] (II) event1  - Sleep Button: device is a keyboard
[   177.513] (II) event1  - Sleep Button: device removed
[   177.517] (**) Option "config_info" "udev:/sys/devices/LNXSYSTM:00/LNXSLPBN:00/input/input1/event1"
[   177.518] (II) XINPUT: Adding extended input device "Sleep Button" (type: KEYBOARD, id 7)
[   177.519] (**) Option "xkb_model" "pc105"
[   177.520] (**) Option "xkb_layout" "us"
[   177.552] (II) event1  - Sleep Button: is tagged by udev as: Keyboard
[   177.553] (II) event1  - Sleep Button: device is a keyboard
[   177.573] (II) config/udev: Adding input device Video Bus (/dev/input/event4)
[   177.575] (**) Video Bus: Applying InputClass "libinput keyboard catchall"
[   177.577] (II) Using input driver 'libinput' for 'Video Bus'
[   177.592] (II) systemd-logind: got fd for /dev/input/event4 13:68 fd 24 paused 0
[   177.594] (**) Video Bus: always reports core events
[   177.600] (**) Option "Device" "/dev/input/event4"
[   177.604] (**) Option "_source" "server/udev"
[   177.632] (II) event4  - Video Bus: is tagged by udev as: Keyboard
[   177.639] (II) event4  - Video Bus: device is a keyboard
[   177.640] (II) event4  - Video Bus: device removed
[   177.640] (**) Option "config_info" "udev:/sys/devices/LNXSYSTM:00/LNXSYBUS:00/PNP0A03:00/LNXVIDEO:00/input/input5/event4"
[   177.642] (II) XINPUT: Adding extended input device "Video Bus" (type: KEYBOARD, id 8)
[   177.642] (**) Option "xkb_model" "pc105"
[   177.643] (**) Option "xkb_layout" "us"
[   177.684] (II) event4  - Video Bus: is tagged by udev as: Keyboard
[   177.686] (II) event4  - Video Bus: device is a keyboard
[   177.715] (II) config/udev: Adding input device VirtualBox mouse integration (/dev/input/event6)
[   177.719] (**) VirtualBox mouse integration: Applying InputClass "libinput pointer catchall"
[   177.720] (II) Using input driver 'libinput' for 'VirtualBox mouse integration'
[   177.729] (II) systemd-logind: got fd for /dev/input/event6 13:70 fd 25 paused 0
[   177.731] (**) VirtualBox mouse integration: always reports core events
[   177.731] (**) Option "Device" "/dev/input/event6"
[   177.732] (**) Option "_source" "server/udev"
[   177.773] (II) event6  - VirtualBox mouse integration: is tagged by udev as: Mouse
[   177.777] (II) event6  - VirtualBox mouse integration: device is a pointer
[   177.778] (II) event6  - VirtualBox mouse integration: device removed
[   177.781] (**) Option "config_info" "udev:/sys/devices/pci0000:00/0000:00:04.0/input/input7/event6"
[   177.783] (II) XINPUT: Adding extended input device "VirtualBox mouse integration" (type: MOUSE, id 9)
[   177.786] (**) Option "AccelerationScheme" "none"
[   177.789] (**) VirtualBox mouse integration: (accel) selected scheme none/0
[   177.790] (**) VirtualBox mouse integration: (accel) acceleration factor: 2.000
[   177.791] (**) VirtualBox mouse integration: (accel) acceleration threshold: 4
[   177.813] (II) event6  - VirtualBox mouse integration: is tagged by udev as: Mouse
[   177.821] (II) event6  - VirtualBox mouse integration: device is a pointer
[   177.826] (II) config/udev: Adding input device VirtualBox mouse integration (/dev/input/js1)
[   177.830] (II) No input driver specified, ignoring this device.
[   177.831] (II) This device may have been added with another device file.
[   177.842] (II) config/udev: Adding input device VirtualBox mouse integration (/dev/input/mouse2)
[   177.843] (II) No input driver specified, ignoring this device.
[   177.845] (II) This device may have been added with another device file.
[   177.873] (II) config/udev: Adding input device VirtualBox USB Tablet (/dev/input/event5)
[   177.874] (**) VirtualBox USB Tablet: Applying InputClass "libinput pointer catchall"
[   177.875] (II) Using input driver 'libinput' for 'VirtualBox USB Tablet'
[   177.964] (II) systemd-logind: got fd for /dev/input/event5 13:69 fd 26 paused 0
[   177.964] (**) VirtualBox USB Tablet: always reports core events
[   177.964] (**) Option "Device" "/dev/input/event5"
[   177.964] (**) Option "_source" "server/udev"
[   177.997] (II) event5  - VirtualBox USB Tablet: is tagged by udev as: Mouse
[   178.001] (II) event5  - VirtualBox USB Tablet: device is a pointer
[   178.005] (II) event5  - VirtualBox USB Tablet: device removed
[   178.006] (**) Option "config_info" "udev:/sys/devices/pci0000:00/0000:00:06.0/usb1/1-1/1-1:1.0/0003:80EE:0021.0001/input/input6/event5"
[   178.007] (II) XINPUT: Adding extended input device "VirtualBox USB Tablet" (type: MOUSE, id 10)
[   178.008] (**) Option "AccelerationScheme" "none"
[   178.014] (**) VirtualBox USB Tablet: (accel) selected scheme none/0
[   178.015] (**) VirtualBox USB Tablet: (accel) acceleration factor: 2.000
[   178.017] (**) VirtualBox USB Tablet: (accel) acceleration threshold: 4
[   178.045] (II) event5  - VirtualBox USB Tablet: is tagged by udev as: Mouse
[   178.058] (II) event5  - VirtualBox USB Tablet: device is a pointer
[   178.073] (II) config/udev: Adding input device VirtualBox USB Tablet (/dev/input/js0)
[   178.074] (II) No input driver specified, ignoring this device.
[   178.077] (II) This device may have been added with another device file.
[   178.091] (II) config/udev: Adding input device VirtualBox USB Tablet (/dev/input/mouse1)
[   178.092] (II) No input driver specified, ignoring this device.
[   178.094] (II) This device may have been added with another device file.
[   178.105] (II) config/udev: Adding input device AT Translated Set 2 keyboard (/dev/input/event2)
[   178.106] (**) AT Translated Set 2 keyboard: Applying InputClass "libinput keyboard catchall"
[   178.109] (II) Using input driver 'libinput' for 'AT Translated Set 2 keyboard'
[   178.116] (II) systemd-logind: got fd for /dev/input/event2 13:66 fd 27 paused 0
[   178.118] (**) AT Translated Set 2 keyboard: always reports core events
[   178.118] (**) Option "Device" "/dev/input/event2"
[   178.118] (**) Option "_source" "server/udev"
[   178.147] (II) event2  - AT Translated Set 2 keyboard: is tagged by udev as: Keyboard
[   178.149] (II) event2  - AT Translated Set 2 keyboard: device is a keyboard
[   178.157] (II) event2  - AT Translated Set 2 keyboard: device removed
[   178.157] (**) Option "config_info" "udev:/sys/devices/platform/i8042/serio0/input/input2/event2"
[   178.159] (II) XINPUT: Adding extended input device "AT Translated Set 2 keyboard" (type: KEYBOARD, id 11)
[   178.159] (**) Option "xkb_model" "pc105"
[   178.159] (**) Option "xkb_layout" "us"
[   178.189] (II) event2  - AT Translated Set 2 keyboard: is tagged by udev as: Keyboard
[   178.193] (II) event2  - AT Translated Set 2 keyboard: device is a keyboard
[   178.210] (II) config/udev: Adding input device ImExPS/2 Generic Explorer Mouse (/dev/input/event3)
[   178.211] (**) ImExPS/2 Generic Explorer Mouse: Applying InputClass "libinput pointer catchall"
[   178.213] (II) Using input driver 'libinput' for 'ImExPS/2 Generic Explorer Mouse'
[   178.225] (II) systemd-logind: got fd for /dev/input/event3 13:67 fd 28 paused 0
[   178.226] (**) ImExPS/2 Generic Explorer Mouse: always reports core events
[   178.226] (**) Option "Device" "/dev/input/event3"
[   178.233] (**) Option "_source" "server/udev"
[   178.253] (II) event3  - ImExPS/2 Generic Explorer Mouse: is tagged by udev as: Mouse
[   178.257] (II) event3  - ImExPS/2 Generic Explorer Mouse: device is a pointer
[   178.263] (II) event3  - ImExPS/2 Generic Explorer Mouse: device removed
[   178.264] (**) Option "config_info" "udev:/sys/devices/platform/i8042/serio1/input/input4/event3"
[   178.267] (II) XINPUT: Adding extended input device "ImExPS/2 Generic Explorer Mouse" (type: MOUSE, id 12)
[   178.267] (**) Option "AccelerationScheme" "none"
[   178.273] (**) ImExPS/2 Generic Explorer Mouse: (accel) selected scheme none/0
[   178.277] (**) ImExPS/2 Generic Explorer Mouse: (accel) acceleration factor: 2.000
[   178.280] (**) ImExPS/2 Generic Explorer Mouse: (accel) acceleration threshold: 4
[   178.307] (II) event3  - ImExPS/2 Generic Explorer Mouse: is tagged by udev as: Mouse
[   178.309] (II) event3  - ImExPS/2 Generic Explorer Mouse: device is a pointer
[   178.325] (II) config/udev: Adding input device ImExPS/2 Generic Explorer Mouse (/dev/input/mouse0)
[   178.326] (II) No input driver specified, ignoring this device.
[   178.326] (II) This device may have been added with another device file.
[  1305.773] (II) event3  - ImExPS/2 Generic Explorer Mouse: Enabling spurious button debouncing, see https://wayland.freedesktop.org/libinput/doc/1.15.5/button-debouncing.html for details
[  1834.059] (II) config/udev: removing device VirtualBox USB Tablet
[  1834.060] (**) Option "fd" "26"
[  1834.060] (II) event5  - VirtualBox USB Tablet: device removed
[  1834.484] (II) UnloadModule: "libinput"
[  1834.489] (II) systemd-logind: releasing fd for 13:69
[  1835.926] (II) config/udev: Adding input device VirtualBox USB Tablet (/dev/input/js0)
[  1835.926] (II) No input driver specified, ignoring this device.
[  1835.926] (II) This device may have been added with another device file.
[  1835.948] (II) config/udev: Adding input device VirtualBox USB Tablet (/dev/input/mouse1)
[  1835.948] (II) No input driver specified, ignoring this device.
[  1835.948] (II) This device may have been added with another device file.
[  1835.987] (II) config/udev: Adding input device VirtualBox USB Tablet (/dev/input/event5)
[  1835.987] (**) VirtualBox USB Tablet: Applying InputClass "libinput pointer catchall"
[  1835.987] (II) Using input driver 'libinput' for 'VirtualBox USB Tablet'
[  1836.051] (II) systemd-logind: got fd for /dev/input/event5 13:69 fd 47 paused 0
[  1836.052] (**) VirtualBox USB Tablet: always reports core events
[  1836.052] (**) Option "Device" "/dev/input/event5"
[  1836.052] (**) Option "_source" "server/udev"
[  1836.062] (II) event5  - VirtualBox USB Tablet: is tagged by udev as: Mouse
[  1836.063] (II) event5  - VirtualBox USB Tablet: device is a pointer
[  1836.063] (II) event5  - VirtualBox USB Tablet: device removed
[  1836.063] (**) Option "config_info" "udev:/sys/devices/pci0000:00/0000:00:06.0/usb1/1-1/1-1:1.0/0003:80EE:0021.0002/input/input8/event5"
[  1836.064] (II) XINPUT: Adding extended input device "VirtualBox USB Tablet" (type: MOUSE, id 10)
[  1836.081] (**) Option "AccelerationScheme" "none"
[  1836.098] (**) VirtualBox USB Tablet: (accel) selected scheme none/0
[  1836.099] (**) VirtualBox USB Tablet: (accel) acceleration factor: 2.000
[  1836.099] (**) VirtualBox USB Tablet: (accel) acceleration threshold: 4
[  1836.113] (II) event5  - VirtualBox USB Tablet: is tagged by udev as: Mouse
[  1836.114] (II) event5  - VirtualBox USB Tablet: device is a pointer
[ 17713.473] (II) config/udev: removing device VirtualBox USB Tablet
[ 17713.473] (**) Option "fd" "47"
[ 17713.473] (II) event5  - VirtualBox USB Tablet: device removed
[ 17713.561] (II) UnloadModule: "libinput"
[ 17713.562] (II) systemd-logind: releasing fd for 13:69
[ 17714.773] (II) config/udev: Adding input device VirtualBox USB Tablet (/dev/input/mouse1)
[ 17714.774] (II) No input driver specified, ignoring this device.
[ 17714.774] (II) This device may have been added with another device file.
[ 17714.786] (II) config/udev: Adding input device VirtualBox USB Tablet (/dev/input/js0)
[ 17714.786] (II) No input driver specified, ignoring this device.
[ 17714.786] (II) This device may have been added with another device file.
[ 17714.843] (II) config/udev: Adding input device VirtualBox USB Tablet (/dev/input/event5)
[ 17714.843] (**) VirtualBox USB Tablet: Applying InputClass "libinput pointer catchall"
[ 17714.843] (II) Using input driver 'libinput' for 'VirtualBox USB Tablet'
[ 17714.907] (II) systemd-logind: got fd for /dev/input/event5 13:69 fd 47 paused 0
[ 17714.907] (**) VirtualBox USB Tablet: always reports core events
[ 17714.907] (**) Option "Device" "/dev/input/event5"
[ 17714.907] (**) Option "_source" "server/udev"
[ 17714.918] (II) event5  - VirtualBox USB Tablet: is tagged by udev as: Mouse
[ 17714.919] (II) event5  - VirtualBox USB Tablet: device is a pointer
[ 17714.925] (II) event5  - VirtualBox USB Tablet: device removed
[ 17714.925] (**) Option "config_info" "udev:/sys/devices/pci0000:00/0000:00:06.0/usb1/1-1/1-1:1.0/0003:80EE:0021.0003/input/input9/event5"
[ 17714.925] (II) XINPUT: Adding extended input device "VirtualBox USB Tablet" (type: MOUSE, id 10)
[ 17714.936] (**) Option "AccelerationScheme" "none"
[ 17714.947] (**) VirtualBox USB Tablet: (accel) selected scheme none/0
[ 17714.947] (**) VirtualBox USB Tablet: (accel) acceleration factor: 2.000
[ 17714.947] (**) VirtualBox USB Tablet: (accel) acceleration threshold: 4
[ 17714.956] (II) event5  - VirtualBox USB Tablet: is tagged by udev as: Mouse
[ 17714.957] (II) event5  - VirtualBox USB Tablet: device is a pointer
